This is pdfTeX, Version 3.14159265-2.6-1.40.21 (TeX Live 2020/W32TeX) (preloaded format=pdflatex 2020.10.22)  27 OCT 2020 20:27
entering extended mode
 restricted \write18 enabled.
 %&-line parsing enabled.
**capstone_wykoong_UCI-CC-Default.tex
(./capstone_wykoong_UCI-CC-Default.tex
LaTeX2e <2020-10-01> patch level 1
L3 programming layer <2020-10-05> xparse <2020-03-03>
(c:/Users/wykoong.WSHB0918002/AppData/Roaming/TinyTeX/texmf-dist/tex/latex/base
/article.cls
Document Class: article 2020/04/10 v1.4m Standard LaTeX document class

(c:/Users/wykoong.WSHB0918002/AppData/Roaming/TinyTeX/texmf-dist/tex/latex/base
/size10.clo
File: size10.clo 2020/04/10 v1.4m Standard LaTeX file (size option)
)
\c@part=\count175
\c@section=\count176
\c@subsection=\count177
\c@subsubsection=\count178
\c@paragraph=\count179
\c@subparagraph=\count180
\c@figure=\count181
\c@table=\count182
\abovecaptionskip=\skip47
\belowcaptionskip=\skip48
\bibindent=\dimen138
)
(c:/Users/wykoong.WSHB0918002/AppData/Roaming/TinyTeX/texmf-dist/tex/latex/lm/l
modern.sty
Package: lmodern 2009/10/30 v1.6 Latin Modern Fonts
LaTeX Font Info:    Overwriting symbol font `operators' in version `normal'
(Font)                  OT1/cmr/m/n --> OT1/lmr/m/n on input line 22.
LaTeX Font Info:    Overwriting symbol font `letters' in version `normal'
(Font)                  OML/cmm/m/it --> OML/lmm/m/it on input line 23.
LaTeX Font Info:    Overwriting symbol font `symbols' in version `normal'
(Font)                  OMS/cmsy/m/n --> OMS/lmsy/m/n on input line 24.
LaTeX Font Info:    Overwriting symbol font `largesymbols' in version `normal'
(Font)                  OMX/cmex/m/n --> OMX/lmex/m/n on input line 25.
LaTeX Font Info:    Overwriting symbol font `operators' in version `bold'
(Font)                  OT1/cmr/bx/n --> OT1/lmr/bx/n on input line 26.
LaTeX Font Info:    Overwriting symbol font `letters' in version `bold'
(Font)                  OML/cmm/b/it --> OML/lmm/b/it on input line 27.
LaTeX Font Info:    Overwriting symbol font `symbols' in version `bold'
(Font)                  OMS/cmsy/b/n --> OMS/lmsy/b/n on input line 28.
LaTeX Font Info:    Overwriting symbol font `largesymbols' in version `bold'
(Font)                  OMX/cmex/m/n --> OMX/lmex/m/n on input line 29.
LaTeX Font Info:    Overwriting math alphabet `\mathbf' in version `normal'
(Font)                  OT1/cmr/bx/n --> OT1/lmr/bx/n on input line 31.
LaTeX Font Info:    Overwriting math alphabet `\mathsf' in version `normal'
(Font)                  OT1/cmss/m/n --> OT1/lmss/m/n on input line 32.
LaTeX Font Info:    Overwriting math alphabet `\mathit' in version `normal'
(Font)                  OT1/cmr/m/it --> OT1/lmr/m/it on input line 33.
LaTeX Font Info:    Overwriting math alphabet `\mathtt' in version `normal'
(Font)                  OT1/cmtt/m/n --> OT1/lmtt/m/n on input line 34.
LaTeX Font Info:    Overwriting math alphabet `\mathbf' in version `bold'
(Font)                  OT1/cmr/bx/n --> OT1/lmr/bx/n on input line 35.
LaTeX Font Info:    Overwriting math alphabet `\mathsf' in version `bold'
(Font)                  OT1/cmss/bx/n --> OT1/lmss/bx/n on input line 36.
LaTeX Font Info:    Overwriting math alphabet `\mathit' in version `bold'
(Font)                  OT1/cmr/bx/it --> OT1/lmr/bx/it on input line 37.
LaTeX Font Info:    Overwriting math alphabet `\mathtt' in version `bold'
(Font)                  OT1/cmtt/m/n --> OT1/lmtt/m/n on input line 38.
)
(c:/Users/wykoong.WSHB0918002/AppData/Roaming/TinyTeX/texmf-dist/tex/latex/amsf
onts/amssymb.sty
Package: amssymb 2013/01/14 v3.01 AMS font symbols

(c:/Users/wykoong.WSHB0918002/AppData/Roaming/TinyTeX/texmf-dist/tex/latex/amsf
onts/amsfonts.sty
Package: amsfonts 2013/01/14 v3.01 Basic AMSFonts support
\@emptytoks=\toks15
\symAMSa=\mathgroup4
\symAMSb=\mathgroup5
LaTeX Font Info:    Redeclaring math symbol \hbar on input line 98.
LaTeX Font Info:    Overwriting math alphabet `\mathfrak' in version `bold'
(Font)                  U/euf/m/n --> U/euf/b/n on input line 106.
))
(c:/Users/wykoong.WSHB0918002/AppData/Roaming/TinyTeX/texmf-dist/tex/latex/amsm
ath/amsmath.sty
Package: amsmath 2020/09/23 v2.17i AMS math features
\@mathmargin=\skip49
For additional information on amsmath, use the `?' option.

(c:/Users/wykoong.WSHB0918002/AppData/Roaming/TinyTeX/texmf-dist/tex/latex/amsm
ath/amstext.sty
Package: amstext 2000/06/29 v2.01 AMS text

(c:/Users/wykoong.WSHB0918002/AppData/Roaming/TinyTeX/texmf-dist/tex/latex/amsm
ath/amsgen.sty
File: amsgen.sty 1999/11/30 v2.0 generic functions
\@emptytoks=\toks16
\ex@=\dimen139
))
(c:/Users/wykoong.WSHB0918002/AppData/Roaming/TinyTeX/texmf-dist/tex/latex/amsm
ath/amsbsy.sty
Package: amsbsy 1999/11/29 v1.2d Bold Symbols
\pmbraise@=\dimen140
)
(c:/Users/wykoong.WSHB0918002/AppData/Roaming/TinyTeX/texmf-dist/tex/latex/amsm
ath/amsopn.sty
Package: amsopn 2016/03/08 v2.02 operator names
)
\inf@bad=\count183
LaTeX Info: Redefining \frac on input line 234.
\uproot@=\count184
\leftroot@=\count185
LaTeX Info: Redefining \overline on input line 399.
\classnum@=\count186
\DOTSCASE@=\count187
LaTeX Info: Redefining \ldots on input line 496.
LaTeX Info: Redefining \dots on input line 499.
LaTeX Info: Redefining \cdots on input line 620.
\Mathstrutbox@=\box47
\strutbox@=\box48
\big@size=\dimen141
LaTeX Font Info:    Redeclaring font encoding OML on input line 743.
LaTeX Font Info:    Redeclaring font encoding OMS on input line 744.
\macc@depth=\count188
\c@MaxMatrixCols=\count189
\dotsspace@=\muskip16
\c@parentequation=\count190
\dspbrk@lvl=\count191
\tag@help=\toks17
\row@=\count192
\column@=\count193
\maxfields@=\count194
\andhelp@=\toks18
\eqnshift@=\dimen142
\alignsep@=\dimen143
\tagshift@=\dimen144
\tagwidth@=\dimen145
\totwidth@=\dimen146
\lineht@=\dimen147
\@envbody=\toks19
\multlinegap=\skip50
\multlinetaggap=\skip51
\mathdisplay@stack=\toks20
LaTeX Info: Redefining \[ on input line 2923.
LaTeX Info: Redefining \] on input line 2924.
)
(c:/Users/wykoong.WSHB0918002/AppData/Roaming/TinyTeX/texmf-dist/tex/generic/if
tex/ifxetex.sty
Package: ifxetex 2019/10/25 v0.7 ifxetex legacy package. Use iftex instead.

(c:/Users/wykoong.WSHB0918002/AppData/Roaming/TinyTeX/texmf-dist/tex/generic/if
tex/iftex.sty
Package: iftex 2020/03/06 v1.0d TeX engine tests
))
(c:/Users/wykoong.WSHB0918002/AppData/Roaming/TinyTeX/texmf-dist/tex/generic/if
tex/ifluatex.sty
Package: ifluatex 2019/10/25 v1.5 ifluatex legacy package. Use iftex instead.
)
(c:/Users/wykoong.WSHB0918002/AppData/Roaming/TinyTeX/texmf-dist/tex/latex/base
/fontenc.sty
Package: fontenc 2020/08/10 v2.0s Standard LaTeX package
LaTeX Font Info:    Trying to load font information for T1+lmr on input line 11
2.

(c:/Users/wykoong.WSHB0918002/AppData/Roaming/TinyTeX/texmf-dist/tex/latex/lm/t
1lmr.fd
File: t1lmr.fd 2009/10/30 v1.6 Font defs for Latin Modern
))
(c:/Users/wykoong.WSHB0918002/AppData/Roaming/TinyTeX/texmf-dist/tex/latex/base
/inputenc.sty
Package: inputenc 2020/08/01 v1.3d Input encoding file
\inpenc@prehook=\toks21
\inpenc@posthook=\toks22
)
(c:/Users/wykoong.WSHB0918002/AppData/Roaming/TinyTeX/texmf-dist/tex/latex/base
/textcomp.sty
Package: textcomp 2020/02/02 v2.0n Standard LaTeX package
)
(c:/Users/wykoong.WSHB0918002/AppData/Roaming/TinyTeX/texmf-dist/tex/latex/xcol
or/xcolor.sty
Package: xcolor 2016/05/11 v2.12 LaTeX color extensions (UK)

(c:/Users/wykoong.WSHB0918002/AppData/Roaming/TinyTeX/texmf-dist/tex/latex/grap
hics-cfg/color.cfg
File: color.cfg 2016/01/02 v1.6 sample color configuration
)
Package xcolor Info: Driver file: pdftex.def on input line 225.

(c:/Users/wykoong.WSHB0918002/AppData/Roaming/TinyTeX/texmf-dist/tex/latex/grap
hics-def/pdftex.def
File: pdftex.def 2020/10/05 v1.2a Graphics/color driver for pdftex
)
Package xcolor Info: Model `cmy' substituted by `cmy0' on input line 1348.
Package xcolor Info: Model `hsb' substituted by `rgb' on input line 1352.
Package xcolor Info: Model `RGB' extended on input line 1364.
Package xcolor Info: Model `HTML' substituted by `rgb' on input line 1366.
Package xcolor Info: Model `Hsb' substituted by `hsb' on input line 1367.
Package xcolor Info: Model `tHsb' substituted by `hsb' on input line 1368.
Package xcolor Info: Model `HSB' substituted by `hsb' on input line 1369.
Package xcolor Info: Model `Gray' substituted by `gray' on input line 1370.
Package xcolor Info: Model `wave' substituted by `hsb' on input line 1371.
)
(c:/Users/wykoong.WSHB0918002/AppData/Roaming/TinyTeX/texmf-dist/tex/latex/hype
rref/hyperref.sty
Package: hyperref 2020-05-15 v7.00e Hypertext links for LaTeX

(c:/Users/wykoong.WSHB0918002/AppData/Roaming/TinyTeX/texmf-dist/tex/generic/lt
xcmds/ltxcmds.sty
Package: ltxcmds 2020-05-10 v1.25 LaTeX kernel commands for general use (HO)
)
(c:/Users/wykoong.WSHB0918002/AppData/Roaming/TinyTeX/texmf-dist/tex/generic/pd
ftexcmds/pdftexcmds.sty
Package: pdftexcmds 2020-06-27 v0.33 Utility functions of pdfTeX for LuaTeX (HO
)

(c:/Users/wykoong.WSHB0918002/AppData/Roaming/TinyTeX/texmf-dist/tex/generic/in
fwarerr/infwarerr.sty
Package: infwarerr 2019/12/03 v1.5 Providing info/warning/error messages (HO)
)
Package pdftexcmds Info: \pdf@primitive is available.
Package pdftexcmds Info: \pdf@ifprimitive is available.
Package pdftexcmds Info: \pdfdraftmode found.
)
(c:/Users/wykoong.WSHB0918002/AppData/Roaming/TinyTeX/texmf-dist/tex/latex/grap
hics/keyval.sty
Package: keyval 2014/10/28 v1.15 key=value parser (DPC)
\KV@toks@=\toks23
)
(c:/Users/wykoong.WSHB0918002/AppData/Roaming/TinyTeX/texmf-dist/tex/generic/kv
setkeys/kvsetkeys.sty
Package: kvsetkeys 2019/12/15 v1.18 Key value parser (HO)
)
(c:/Users/wykoong.WSHB0918002/AppData/Roaming/TinyTeX/texmf-dist/tex/generic/kv
definekeys/kvdefinekeys.sty
Package: kvdefinekeys 2019-12-19 v1.6 Define keys (HO)
)
(c:/Users/wykoong.WSHB0918002/AppData/Roaming/TinyTeX/texmf-dist/tex/generic/pd
fescape/pdfescape.sty
Package: pdfescape 2019/12/09 v1.15 Implements pdfTeX's escape features (HO)
)
(c:/Users/wykoong.WSHB0918002/AppData/Roaming/TinyTeX/texmf-dist/tex/latex/hyco
lor/hycolor.sty
Package: hycolor 2020-01-27 v1.10 Color options for hyperref/bookmark (HO)
)
(c:/Users/wykoong.WSHB0918002/AppData/Roaming/TinyTeX/texmf-dist/tex/latex/letl
txmacro/letltxmacro.sty
Package: letltxmacro 2019/12/03 v1.6 Let assignment for LaTeX macros (HO)
)
(c:/Users/wykoong.WSHB0918002/AppData/Roaming/TinyTeX/texmf-dist/tex/latex/auxh
ook/auxhook.sty
Package: auxhook 2019-12-17 v1.6 Hooks for auxiliary files (HO)
)
(c:/Users/wykoong.WSHB0918002/AppData/Roaming/TinyTeX/texmf-dist/tex/latex/kvop
tions/kvoptions.sty
Package: kvoptions 2020-10-07 v3.14 Key value format for package options (HO)
)
\@linkdim=\dimen148
\Hy@linkcounter=\count195
\Hy@pagecounter=\count196

(c:/Users/wykoong.WSHB0918002/AppData/Roaming/TinyTeX/texmf-dist/tex/latex/hype
rref/pd1enc.def
File: pd1enc.def 2020-05-15 v7.00e Hyperref: PDFDocEncoding definition (HO)
Now handling font encoding PD1 ...
... no UTF-8 mapping file for font encoding PD1
)
(c:/Users/wykoong.WSHB0918002/AppData/Roaming/TinyTeX/texmf-dist/tex/generic/in
tcalc/intcalc.sty
Package: intcalc 2019/12/15 v1.3 Expandable calculations with integers (HO)
)
(c:/Users/wykoong.WSHB0918002/AppData/Roaming/TinyTeX/texmf-dist/tex/generic/et
excmds/etexcmds.sty
Package: etexcmds 2019/12/15 v1.7 Avoid name clashes with e-TeX commands (HO)
)
\Hy@SavedSpaceFactor=\count197
Package hyperref Info: Option `unicode' set `true' on input line 4338.

(c:/Users/wykoong.WSHB0918002/AppData/Roaming/TinyTeX/texmf-dist/tex/latex/hype
rref/puenc.def
File: puenc.def 2020-05-15 v7.00e Hyperref: PDF Unicode definition (HO)
Now handling font encoding PU ...
... no UTF-8 mapping file for font encoding PU
)
Package hyperref Info: Hyper figures OFF on input line 4464.
Package hyperref Info: Link nesting OFF on input line 4469.
Package hyperref Info: Hyper index ON on input line 4472.
Package hyperref Info: Plain pages OFF on input line 4479.
Package hyperref Info: Backreferencing OFF on input line 4484.
Package hyperref Info: Implicit mode ON; LaTeX internals redefined.
Package hyperref Info: Bookmarks ON on input line 4717.
\c@Hy@tempcnt=\count198

(c:/Users/wykoong.WSHB0918002/AppData/Roaming/TinyTeX/texmf-dist/tex/latex/url/
url.sty
\Urlmuskip=\muskip17
Package: url 2013/09/16  ver 3.4  Verb mode for urls, etc.
)
LaTeX Info: Redefining \url on input line 5076.
\XeTeXLinkMargin=\dimen149

(c:/Users/wykoong.WSHB0918002/AppData/Roaming/TinyTeX/texmf-dist/tex/generic/bi
tset/bitset.sty
Package: bitset 2019/12/09 v1.3 Handle bit-vector datatype (HO)

(c:/Users/wykoong.WSHB0918002/AppData/Roaming/TinyTeX/texmf-dist/tex/generic/bi
gintcalc/bigintcalc.sty
Package: bigintcalc 2019/12/15 v1.5 Expandable calculations on big integers (HO
)
))
\Fld@menulength=\count199
\Field@Width=\dimen150
\Fld@charsize=\dimen151
Package hyperref Info: Hyper figures OFF on input line 6347.
Package hyperref Info: Link nesting OFF on input line 6352.
Package hyperref Info: Hyper index ON on input line 6355.
Package hyperref Info: backreferencing OFF on input line 6362.
Package hyperref Info: Link coloring OFF on input line 6367.
Package hyperref Info: Link coloring with OCG OFF on input line 6372.
Package hyperref Info: PDF/A mode OFF on input line 6377.
LaTeX Info: Redefining \ref on input line 6417.
LaTeX Info: Redefining \pageref on input line 6421.

(c:/Users/wykoong.WSHB0918002/AppData/Roaming/TinyTeX/texmf-dist/tex/latex/base
/atbegshi-ltx.sty
Package: atbegshi-ltx 2020/08/17 v1.0a Emulation of the original atbegshi packa
ge
with kernel methods
)
\Hy@abspage=\count266
\c@Item=\count267
\c@Hfootnote=\count268
)
Package hyperref Info: Driver (autodetected): hpdftex.

(c:/Users/wykoong.WSHB0918002/AppData/Roaming/TinyTeX/texmf-dist/tex/latex/hype
rref/hpdftex.def
File: hpdftex.def 2020-05-15 v7.00e Hyperref driver for pdfTeX

(c:/Users/wykoong.WSHB0918002/AppData/Roaming/TinyTeX/texmf-dist/tex/latex/base
/atveryend-ltx.sty
Package: atveryend-ltx 2020/08/19 v1.0a Emulation of the original atvery packag
e
with kernel methods
)
\Fld@listcount=\count269
\c@bookmark@seq@number=\count270

(c:/Users/wykoong.WSHB0918002/AppData/Roaming/TinyTeX/texmf-dist/tex/latex/reru
nfilecheck/rerunfilecheck.sty
Package: rerunfilecheck 2019/12/05 v1.9 Rerun checks for auxiliary files (HO)

(c:/Users/wykoong.WSHB0918002/AppData/Roaming/TinyTeX/texmf-dist/tex/generic/un
iquecounter/uniquecounter.sty
Package: uniquecounter 2019/12/15 v1.4 Provide unlimited unique counter (HO)
)
Package uniquecounter Info: New unique counter `rerunfilecheck' on input line 2
86.
)
\Hy@SectionHShift=\skip52
)
(c:/Users/wykoong.WSHB0918002/AppData/Roaming/TinyTeX/texmf-dist/tex/latex/geom
etry/geometry.sty
Package: geometry 2020/01/02 v5.9 Page Geometry

(c:/Users/wykoong.WSHB0918002/AppData/Roaming/TinyTeX/texmf-dist/tex/generic/if
tex/ifvtex.sty
Package: ifvtex 2019/10/25 v1.7 ifvtex legacy package. Use iftex instead.
)
\Gm@cnth=\count271
\Gm@cntv=\count272
\c@Gm@tempcnt=\count273
\Gm@bindingoffset=\dimen152
\Gm@wd@mp=\dimen153
\Gm@odd@mp=\dimen154
\Gm@even@mp=\dimen155
\Gm@layoutwidth=\dimen156
\Gm@layoutheight=\dimen157
\Gm@layouthoffset=\dimen158
\Gm@layoutvoffset=\dimen159
\Gm@dimlist=\toks24
)
(c:/Users/wykoong.WSHB0918002/AppData/Roaming/TinyTeX/texmf-dist/tex/latex/fanc
yvrb/fancyvrb.sty
Package: fancyvrb 2020/05/03 v3.6 verbatim text (tvz,hv)
\FV@CodeLineNo=\count274
\FV@InFile=\read2
\FV@TabBox=\box49
\c@FancyVerbLine=\count275
\FV@StepNumber=\count276
\FV@OutFile=\write3
)
(c:/Users/wykoong.WSHB0918002/AppData/Roaming/TinyTeX/texmf-dist/tex/latex/fram
ed/framed.sty
Package: framed 2011/10/22 v 0.96: framed or shaded text with page breaks
\OuterFrameSep=\skip53
\fb@frw=\dimen160
\fb@frh=\dimen161
\FrameRule=\dimen162
\FrameSep=\dimen163
)
(c:/Users/wykoong.WSHB0918002/AppData/Roaming/TinyTeX/texmf-dist/tex/latex/tool
s/longtable.sty
Package: longtable 2020/01/07 v4.13 Multi-page Table package (DPC)
\LTleft=\skip54
\LTright=\skip55
\LTpre=\skip56
\LTpost=\skip57
\LTchunksize=\count277
\LTcapwidth=\dimen164
\LT@head=\box50
\LT@firsthead=\box51
\LT@foot=\box52
\LT@lastfoot=\box53
\LT@cols=\count278
\LT@rows=\count279
\c@LT@tables=\count280
\c@LT@chunks=\count281
\LT@p@ftn=\toks25
)
(c:/Users/wykoong.WSHB0918002/AppData/Roaming/TinyTeX/texmf-dist/tex/latex/book
tabs/booktabs.sty
Package: booktabs 2020/01/12 v1.61803398 Publication quality tables
\heavyrulewidth=\dimen165
\lightrulewidth=\dimen166
\cmidrulewidth=\dimen167
\belowrulesep=\dimen168
\belowbottomsep=\dimen169
\aboverulesep=\dimen170
\abovetopsep=\dimen171
\cmidrulesep=\dimen172
\cmidrulekern=\dimen173
\defaultaddspace=\dimen174
\@cmidla=\count282
\@cmidlb=\count283
\@aboverulesep=\dimen175
\@belowrulesep=\dimen176
\@thisruleclass=\count284
\@lastruleclass=\count285
\@thisrulewidth=\dimen177
)
(c:/Users/wykoong.WSHB0918002/AppData/Roaming/TinyTeX/texmf-dist/tex/latex/etoo
lbox/etoolbox.sty
Package: etoolbox 2020/10/05 v2.5k e-TeX tools for LaTeX (JAW)
\etb@tempcnta=\count286
)
(c:/Users/wykoong.WSHB0918002/AppData/Roaming/TinyTeX/texmf-dist/tex/latex/mdwt
ools/footnote.sty
Package: footnote 1997/01/28 1.13 Save footnotes around boxes
\fn@notes=\box54
\fn@width=\dimen178
)
(c:/Users/wykoong.WSHB0918002/AppData/Roaming/TinyTeX/texmf-dist/tex/latex/grap
hics/graphicx.sty
Package: graphicx 2020/09/09 v1.2b Enhanced LaTeX Graphics (DPC,SPQR)

(c:/Users/wykoong.WSHB0918002/AppData/Roaming/TinyTeX/texmf-dist/tex/latex/grap
hics/graphics.sty
Package: graphics 2020/08/30 v1.4c Standard LaTeX Graphics (DPC,SPQR)

(c:/Users/wykoong.WSHB0918002/AppData/Roaming/TinyTeX/texmf-dist/tex/latex/grap
hics/trig.sty
Package: trig 2016/01/03 v1.10 sin cos tan (DPC)
)
(c:/Users/wykoong.WSHB0918002/AppData/Roaming/TinyTeX/texmf-dist/tex/latex/grap
hics-cfg/graphics.cfg
File: graphics.cfg 2016/06/04 v1.11 sample graphics configuration
)
Package graphics Info: Driver file: pdftex.def on input line 105.
)
\Gin@req@height=\dimen179
\Gin@req@width=\dimen180
)
(c:/Users/wykoong.WSHB0918002/AppData/Roaming/TinyTeX/texmf-dist/tex/latex/grff
ile/grffile.sty
Package: grffile 2019/11/11 v2.1 Extended file name support for graphics (legac
y)
Package grffile Info: This package is an empty stub for compatibility on input 
line 40.
)
(c:/Users/wykoong.WSHB0918002/AppData/Roaming/TinyTeX/texmf-dist/tex/latex/l3ba
ckend/l3backend-pdftex.def
File: l3backend-pdftex.def 2020-09-24 L3 backend support: PDF output (pdfTeX)
\l__kernel_color_stack_int=\count287
\l__pdf_internal_box=\box55
) (./capstone_wykoong_UCI-CC-Default.aux)
\openout1 = `capstone_wykoong_UCI-CC-Default.aux'.

LaTeX Font Info:    Checking defaults for OML/cmm/m/it on input line 123.
LaTeX Font Info:    ... okay on input line 123.
LaTeX Font Info:    Checking defaults for OMS/cmsy/m/n on input line 123.
LaTeX Font Info:    ... okay on input line 123.
LaTeX Font Info:    Checking defaults for OT1/cmr/m/n on input line 123.
LaTeX Font Info:    ... okay on input line 123.
LaTeX Font Info:    Checking defaults for T1/cmr/m/n on input line 123.
LaTeX Font Info:    ... okay on input line 123.
LaTeX Font Info:    Checking defaults for TS1/cmr/m/n on input line 123.
LaTeX Font Info:    ... okay on input line 123.
LaTeX Font Info:    Checking defaults for OMX/cmex/m/n on input line 123.
LaTeX Font Info:    ... okay on input line 123.
LaTeX Font Info:    Checking defaults for U/cmr/m/n on input line 123.
LaTeX Font Info:    ... okay on input line 123.
LaTeX Font Info:    Checking defaults for PD1/pdf/m/n on input line 123.
LaTeX Font Info:    ... okay on input line 123.
LaTeX Font Info:    Checking defaults for PU/pdf/m/n on input line 123.
LaTeX Font Info:    ... okay on input line 123.

(c:/Users/wykoong.WSHB0918002/AppData/Roaming/TinyTeX/texmf-dist/tex/latex/epst
opdf-pkg/epstopdf-base.sty
Package: epstopdf-base 2020-01-24 v2.11 Base part for package epstopdf
Package epstopdf-base Info: Redefining graphics rule for `.eps' on input line 4
85.

(c:/Users/wykoong.WSHB0918002/AppData/Roaming/TinyTeX/texmf-dist/tex/latex/late
xconfig/epstopdf-sys.cfg
File: epstopdf-sys.cfg 2010/07/13 v1.3 Configuration of (r)epstopdf for TeX Liv
e
))
Package hyperref Info: Link coloring OFF on input line 123.

(c:/Users/wykoong.WSHB0918002/AppData/Roaming/TinyTeX/texmf-dist/tex/latex/hype
rref/nameref.sty
Package: nameref 2019/09/16 v2.46 Cross-referencing by name of section

(c:/Users/wykoong.WSHB0918002/AppData/Roaming/TinyTeX/texmf-dist/tex/latex/refc
ount/refcount.sty
Package: refcount 2019/12/15 v3.6 Data extraction from label references (HO)
)
(c:/Users/wykoong.WSHB0918002/AppData/Roaming/TinyTeX/texmf-dist/tex/generic/ge
ttitlestring/gettitlestring.sty
Package: gettitlestring 2019/12/15 v1.6 Cleanup title references (HO)
)
\c@section@level=\count288
)
LaTeX Info: Redefining \ref on input line 123.
LaTeX Info: Redefining \pageref on input line 123.
LaTeX Info: Redefining \nameref on input line 123.
(./capstone_wykoong_UCI-CC-Default.out) (./capstone_wykoong_UCI-CC-Default.out)
\@outlinefile=\write4
\openout4 = `capstone_wykoong_UCI-CC-Default.out'.

*geometry* driver: auto-detecting
*geometry* detected driver: pdftex
*geometry* verbose mode - [ preamble ] result:
* driver: pdftex
* paper: <default>
* layout: <same size as paper>
* layoutoffset:(h,v)=(0.0pt,0.0pt)
* modes: 
* h-part:(L,W,R)=(72.26999pt, 469.75502pt, 72.26999pt)
* v-part:(T,H,B)=(72.26999pt, 650.43001pt, 72.26999pt)
* \paperwidth=614.295pt
* \paperheight=794.96999pt
* \textwidth=469.75502pt
* \textheight=650.43001pt
* \oddsidemargin=0.0pt
* \evensidemargin=0.0pt
* \topmargin=-37.0pt
* \headheight=12.0pt
* \headsep=25.0pt
* \topskip=10.0pt
* \footskip=30.0pt
* \marginparwidth=65.0pt
* \marginparsep=11.0pt
* \columnsep=10.0pt
* \skip\footins=9.0pt plus 4.0pt minus 2.0pt
* \hoffset=0.0pt
* \voffset=0.0pt
* \mag=1000
* \@twocolumnfalse
* \@twosidefalse
* \@mparswitchfalse
* \@reversemarginfalse
* (1in=72.27pt=25.4mm, 1cm=28.453pt)

LaTeX Font Info:    Trying to load font information for OT1+lmr on input line 1
25.

(c:/Users/wykoong.WSHB0918002/AppData/Roaming/TinyTeX/texmf-dist/tex/latex/lm/o
t1lmr.fd
File: ot1lmr.fd 2009/10/30 v1.6 Font defs for Latin Modern
)
LaTeX Font Info:    Trying to load font information for OML+lmm on input line 1
25.

(c:/Users/wykoong.WSHB0918002/AppData/Roaming/TinyTeX/texmf-dist/tex/latex/lm/o
mllmm.fd
File: omllmm.fd 2009/10/30 v1.6 Font defs for Latin Modern
)
LaTeX Font Info:    Trying to load font information for OMS+lmsy on input line 
125.

(c:/Users/wykoong.WSHB0918002/AppData/Roaming/TinyTeX/texmf-dist/tex/latex/lm/o
mslmsy.fd
File: omslmsy.fd 2009/10/30 v1.6 Font defs for Latin Modern
)
LaTeX Font Info:    Trying to load font information for OMX+lmex on input line 
125.

(c:/Users/wykoong.WSHB0918002/AppData/Roaming/TinyTeX/texmf-dist/tex/latex/lm/o
mxlmex.fd
File: omxlmex.fd 2009/10/30 v1.6 Font defs for Latin Modern
)
LaTeX Font Info:    External font `lmex10' loaded for size
(Font)              <12> on input line 125.
LaTeX Font Info:    External font `lmex10' loaded for size
(Font)              <8> on input line 125.
LaTeX Font Info:    External font `lmex10' loaded for size
(Font)              <6> on input line 125.
LaTeX Font Info:    Trying to load font information for U+msa on input line 125
.

(c:/Users/wykoong.WSHB0918002/AppData/Roaming/TinyTeX/texmf-dist/tex/latex/amsf
onts/umsa.fd
File: umsa.fd 2013/01/14 v3.01 AMS symbols A
)
LaTeX Font Info:    Trying to load font information for U+msb on input line 125
.

(c:/Users/wykoong.WSHB0918002/AppData/Roaming/TinyTeX/texmf-dist/tex/latex/amsf
onts/umsb.fd
File: umsb.fd 2013/01/14 v3.01 AMS symbols B
) [1

{c:/Users/wykoong.WSHB0918002/AppData/Roaming/TinyTeX/texmf-var/fonts/map/pdfte
x/updmap/pdftex.map}] [2]
<capstone_wykoong_UCI-CC-Default_files/figure-latex/unnamed-chunk-1-1.pdf, id=3
51, 469.755pt x 325.215pt>
File: capstone_wykoong_UCI-CC-Default_files/figure-latex/unnamed-chunk-1-1.pdf 
Graphic file (type pdf)
<use capstone_wykoong_UCI-CC-Default_files/figure-latex/unnamed-chunk-1-1.pdf>
Package pdftex.def Info: capstone_wykoong_UCI-CC-Default_files/figure-latex/unn
amed-chunk-1-1.pdf  used on input line 228.
(pdftex.def)             Requested size: 469.75386pt x 325.2142pt.
LaTeX Font Info:    Trying to load font information for TS1+lmr on input line 2
41.

(c:/Users/wykoong.WSHB0918002/AppData/Roaming/TinyTeX/texmf-dist/tex/latex/lm/t
s1lmr.fd
File: ts1lmr.fd 2009/10/30 v1.6 Font defs for Latin Modern
) [3 <./capstone_wykoong_UCI-CC-Default_files/figure-latex/unnamed-chunk-1-1.pd
f>] [4]
LaTeX Font Info:    External font `lmex10' loaded for size
(Font)              <10> on input line 385.
LaTeX Font Info:    External font `lmex10' loaded for size
(Font)              <7> on input line 385.
LaTeX Font Info:    External font `lmex10' loaded for size
(Font)              <5> on input line 385.

Package amsmath Warning: Foreign command \over;
(amsmath)                \frac or \genfrac should be used instead
(amsmath)                 on input line 385.

[5] [6] [7]

LaTeX Warning: Command \textellipsis invalid in math mode on input line 541.


LaTeX Warning: Command \textellipsis invalid in math mode on input line 542.

[8]
<capstone_wykoong_UCI-CC-Default_files/figure-latex/print_rf_diagram-1.pdf, id=
413, 469.755pt x 325.215pt>
File: capstone_wykoong_UCI-CC-Default_files/figure-latex/print_rf_diagram-1.pdf
 Graphic file (type pdf)
<use capstone_wykoong_UCI-CC-Default_files/figure-latex/print_rf_diagram-1.pdf>

Package pdftex.def Info: capstone_wykoong_UCI-CC-Default_files/figure-latex/pri
nt_rf_diagram-1.pdf  used on input line 615.
(pdftex.def)             Requested size: 469.75386pt x 325.2142pt.

Underfull \hbox (badness 2080) in paragraph at lines 617--619
[]\T1/lmr/m/n/10 Random forests are fre-quently used as ``black-box'' mod-els i
n busi-nesses, and in-volves fol-low-ing
 []

[9 <./capstone_wykoong_UCI-CC-Default_files/figure-latex/print_rf_diagram-1.pdf
>] [10]
Overfull \hbox (6.52065pt too wide) in paragraph at lines 722--723
[]\T1/lmr/m/n/10 LIMIT_BAL|  
 []


Overfull \hbox (10.27081pt too wide) in paragraph at lines 733--734
[]\T1/lmr/m/n/10 EDUCATION|  
 []


Overfull \hbox (5.20135pt too wide) in paragraph at lines 739--740
[]\T1/lmr/m/n/10 MARRIAGE|  
 []


Overfull \hbox (7.90965pt too wide) in paragraph at lines 781--782
[]\T1/lmr/m/n/10 BILL_AMT1|  
 []


Overfull \hbox (7.90965pt too wide) in paragraph at lines 786--787
[]\T1/lmr/m/n/10 BILL_AMT2|  
 []


Overfull \hbox (7.90965pt too wide) in paragraph at lines 791--792
[]\T1/lmr/m/n/10 BILL_AMT3|  
 []


Overfull \hbox (7.90965pt too wide) in paragraph at lines 796--797
[]\T1/lmr/m/n/10 BILL_AMT4|  
 []


Overfull \hbox (7.90965pt too wide) in paragraph at lines 801--802
[]\T1/lmr/m/n/10 BILL_AMT5|  
 []


Overfull \hbox (7.90965pt too wide) in paragraph at lines 806--807
[]\T1/lmr/m/n/10 BILL_AMT6|  
 []


Overfull \hbox (4.85448pt too wide) in paragraph at lines 811--812
[]\T1/lmr/m/n/10 PAY_AMT1|  
 []


Overfull \hbox (4.85448pt too wide) in paragraph at lines 816--817
[]\T1/lmr/m/n/10 PAY_AMT2|  
 []


Overfull \hbox (4.85448pt too wide) in paragraph at lines 821--822
[]\T1/lmr/m/n/10 PAY_AMT3|  
 []


Overfull \hbox (4.85448pt too wide) in paragraph at lines 826--827
[]\T1/lmr/m/n/10 PAY_AMT4|  
 []


Overfull \hbox (4.85448pt too wide) in paragraph at lines 831--832
[]\T1/lmr/m/n/10 PAY_AMT5|  
 []


Overfull \hbox (4.85448pt too wide) in paragraph at lines 836--837
[]\T1/lmr/m/n/10 PAY_AMT6|  
 []


Overfull \hbox (71.6598pt too wide) in paragraph at lines 841--842
[]\T1/lmr/m/n/10 default.payment.next.month|  
 []

[11]
LaTeX Font Info:    Trying to load font information for T1+lmtt on input line 8
56.

(c:/Users/wykoong.WSHB0918002/AppData/Roaming/TinyTeX/texmf-dist/tex/latex/lm/t
1lmtt.fd
File: t1lmtt.fd 2009/10/30 v1.6 Font defs for Latin Modern
)
LaTeX Font Info:    Font shape `T1/lmtt/bx/n' in size <10> not available
(Font)              Font shape `T1/lmtt/b/n' tried instead on input line 857.

Overfull \hbox (34.24352pt too wide) in paragraph at lines 1017--1017
[]\T1/lmtt/m/n/10 +----+-----------------------------+-------------------------
---------+------------------------+[] 
 []


Overfull \hbox (34.24352pt too wide) in paragraph at lines 1017--1017
[]\T1/lmtt/m/n/10 | No | Variable                    | Stats / Values          
         | Freqs (% of Valid)     |[] 
 []


Overfull \hbox (34.24352pt too wide) in paragraph at lines 1017--1017
[]\T1/lmtt/m/n/10 +====+=============================+=========================
=========+========================+[] 
 []


Overfull \hbox (34.24352pt too wide) in paragraph at lines 1017--1017
[]\T1/lmtt/m/n/10 | 1  | ID\                         | Mean (sd) : 15000.5 (866
0.4)\    | 30000 distinct values\ |[] 
 []


Overfull \hbox (34.24352pt too wide) in paragraph at lines 1017--1017
[]\T1/lmtt/m/n/10 |    | [integer]                   | min < med < max:\       
         | (Integer sequence)     |[] 
 []


Overfull \hbox (34.24352pt too wide) in paragraph at lines 1017--1017
[]\T1/lmtt/m/n/10 |    |                             | 1 < 15000.5 < 30000\    
         |                        |[] 
 []


Overfull \hbox (34.24352pt too wide) in paragraph at lines 1017--1017
[]\T1/lmtt/m/n/10 |    |                             | IQR (CV) : 14999.5 (0.6)
         |                        |[] 
 []


Overfull \hbox (34.24352pt too wide) in paragraph at lines 1017--1017
[]\T1/lmtt/m/n/10 +----+-----------------------------+-------------------------
---------+------------------------+[] 
 []


Overfull \hbox (34.24352pt too wide) in paragraph at lines 1017--1017
[]\T1/lmtt/m/n/10 | 2  | LIMIT_BAL\                  | Mean (sd) : 167484.3 (12
9747.7)\ | 81 distinct values     |[] 
 []


Overfull \hbox (34.24352pt too wide) in paragraph at lines 1017--1017
[]\T1/lmtt/m/n/10 |    | [numeric]                   | min < med < max:\       
         |                        |[] 
 []


Overfull \hbox (34.24352pt too wide) in paragraph at lines 1017--1017
[]\T1/lmtt/m/n/10 |    |                             | 10000 < 140000 < 1000000
\        |                        |[] 
 []


Overfull \hbox (34.24352pt too wide) in paragraph at lines 1017--1017
[]\T1/lmtt/m/n/10 |    |                             | IQR (CV) : 190000 (0.8) 
         |                        |[] 
 []


Overfull \hbox (34.24352pt too wide) in paragraph at lines 1017--1017
[]\T1/lmtt/m/n/10 +----+-----------------------------+-------------------------
---------+------------------------+[] 
 []


Overfull \hbox (34.24352pt too wide) in paragraph at lines 1017--1017
[]\T1/lmtt/m/n/10 | 3  | SEX\                        | Min  : 1\               
         | 1 : 11888 (39.6%)\     |[] 
 []


Overfull \hbox (34.24352pt too wide) in paragraph at lines 1017--1017
[]\T1/lmtt/m/n/10 |    | [integer]                   | Mean : 1.6\             
         | 2 : 18112 (60.4%)      |[] 
 []


Overfull \hbox (34.24352pt too wide) in paragraph at lines 1017--1017
[]\T1/lmtt/m/n/10 |    |                             | Max  : 2                
         |                        |[] 
 []


Overfull \hbox (34.24352pt too wide) in paragraph at lines 1017--1017
[]\T1/lmtt/m/n/10 +----+-----------------------------+-------------------------
---------+------------------------+[] 
 []


Overfull \hbox (34.24352pt too wide) in paragraph at lines 1017--1017
[]\T1/lmtt/m/n/10 | 4  | EDUCATION\                  | Mean (sd) : 1.9 (0.8)\  
         | 0 :    14 ( 0.0%)\     |[] 
 []


Overfull \hbox (34.24352pt too wide) in paragraph at lines 1017--1017
[]\T1/lmtt/m/n/10 |    | [integer]                   | min < med < max:\       
         | 1 : 10585 (35.3%)\     |[] 
 []


Overfull \hbox (34.24352pt too wide) in paragraph at lines 1017--1017
[]\T1/lmtt/m/n/10 |    |                             | 0 < 2 < 6\              
         | 2 : 14030 (46.8%)\     |[] 
 []


Overfull \hbox (34.24352pt too wide) in paragraph at lines 1017--1017
[]\T1/lmtt/m/n/10 |    |                             | IQR (CV) : 1 (0.4)      
         | 3 :  4917 (16.4%)\     |[] 
 []


Overfull \hbox (34.24352pt too wide) in paragraph at lines 1017--1017
[]\T1/lmtt/m/n/10 |    |                             |                         
         | 4 :   123 ( 0.4%)\     |[] 
 []


Overfull \hbox (34.24352pt too wide) in paragraph at lines 1017--1017
[]\T1/lmtt/m/n/10 |    |                             |                         
         | 5 :   280 ( 0.9%)\     |[] 
 []


Overfull \hbox (34.24352pt too wide) in paragraph at lines 1017--1017
[]\T1/lmtt/m/n/10 |    |                             |                         
         | 6 :    51 ( 0.2%)      |[] 
 []


Overfull \hbox (34.24352pt too wide) in paragraph at lines 1017--1017
[]\T1/lmtt/m/n/10 +----+-----------------------------+-------------------------
---------+------------------------+[] 
 []


Overfull \hbox (34.24352pt too wide) in paragraph at lines 1017--1017
[]\T1/lmtt/m/n/10 | 5  | MARRIAGE\                   | Mean (sd) : 1.6 (0.5)\  
         | 0 :    54 ( 0.2%)\     |[] 
 []


Overfull \hbox (34.24352pt too wide) in paragraph at lines 1017--1017
[]\T1/lmtt/m/n/10 |    | [integer]                   | min < med < max:\       
         | 1 : 13659 (45.5%)\     |[] 
 []


Overfull \hbox (34.24352pt too wide) in paragraph at lines 1017--1017
[]\T1/lmtt/m/n/10 |    |                             | 0 < 2 < 3\              
         | 2 : 15964 (53.2%)\     |[] 
 []


Overfull \hbox (34.24352pt too wide) in paragraph at lines 1017--1017
[]\T1/lmtt/m/n/10 |    |                             | IQR (CV) : 1 (0.3)      
         | 3 :   323 ( 1.1%)      |[] 
 []


Overfull \hbox (34.24352pt too wide) in paragraph at lines 1017--1017
[]\T1/lmtt/m/n/10 +----+-----------------------------+-------------------------
---------+------------------------+[] 
 []

[12]
Overfull \hbox (34.24352pt too wide) in paragraph at lines 1017--1017
[]\T1/lmtt/m/n/10 | 6  | AGE\                        | Mean (sd) : 35.5 (9.2)\ 
         | 56 distinct values     |[] 
 []


Overfull \hbox (34.24352pt too wide) in paragraph at lines 1017--1017
[]\T1/lmtt/m/n/10 |    | [integer]                   | min < med < max:\       
         |                        |[] 
 []


Overfull \hbox (34.24352pt too wide) in paragraph at lines 1017--1017
[]\T1/lmtt/m/n/10 |    |                             | 21 < 34 < 79\           
         |                        |[] 
 []


Overfull \hbox (34.24352pt too wide) in paragraph at lines 1017--1017
[]\T1/lmtt/m/n/10 |    |                             | IQR (CV) : 13 (0.3)     
         |                        |[] 
 []


Overfull \hbox (34.24352pt too wide) in paragraph at lines 1017--1017
[]\T1/lmtt/m/n/10 +----+-----------------------------+-------------------------
---------+------------------------+[] 
 []


Overfull \hbox (34.24352pt too wide) in paragraph at lines 1017--1017
[]\T1/lmtt/m/n/10 | 7  | PAY_0\                      | Mean (sd) : 0 (1.1)\    
         | 11 distinct values     |[] 
 []


Overfull \hbox (34.24352pt too wide) in paragraph at lines 1017--1017
[]\T1/lmtt/m/n/10 |    | [integer]                   | min < med < max:\       
         |                        |[] 
 []


Overfull \hbox (34.24352pt too wide) in paragraph at lines 1017--1017
[]\T1/lmtt/m/n/10 |    |                             | -2 < 0 < 8\             
         |                        |[] 
 []


Overfull \hbox (34.24352pt too wide) in paragraph at lines 1017--1017
[]\T1/lmtt/m/n/10 |    |                             | IQR (CV) : 1 (-67.3)    
         |                        |[] 
 []


Overfull \hbox (34.24352pt too wide) in paragraph at lines 1017--1017
[]\T1/lmtt/m/n/10 +----+-----------------------------+-------------------------
---------+------------------------+[] 
 []


Overfull \hbox (34.24352pt too wide) in paragraph at lines 1017--1017
[]\T1/lmtt/m/n/10 | 8  | PAY_2\                      | Mean (sd) : -0.1 (1.2)\ 
         | 11 distinct values     |[] 
 []


Overfull \hbox (34.24352pt too wide) in paragraph at lines 1017--1017
[]\T1/lmtt/m/n/10 |    | [integer]                   | min < med < max:\       
         |                        |[] 
 []


Overfull \hbox (34.24352pt too wide) in paragraph at lines 1017--1017
[]\T1/lmtt/m/n/10 |    |                             | -2 < 0 < 8\             
         |                        |[] 
 []


Overfull \hbox (34.24352pt too wide) in paragraph at lines 1017--1017
[]\T1/lmtt/m/n/10 |    |                             | IQR (CV) : 1 (-8.9)     
         |                        |[] 
 []


Overfull \hbox (34.24352pt too wide) in paragraph at lines 1017--1017
[]\T1/lmtt/m/n/10 +----+-----------------------------+-------------------------
---------+------------------------+[] 
 []


Overfull \hbox (34.24352pt too wide) in paragraph at lines 1017--1017
[]\T1/lmtt/m/n/10 | 9  | PAY_3\                      | Mean (sd) : -0.2 (1.2)\ 
         | 11 distinct values     |[] 
 []


Overfull \hbox (34.24352pt too wide) in paragraph at lines 1017--1017
[]\T1/lmtt/m/n/10 |    | [integer]                   | min < med < max:\       
         |                        |[] 
 []


Overfull \hbox (34.24352pt too wide) in paragraph at lines 1017--1017
[]\T1/lmtt/m/n/10 |    |                             | -2 < 0 < 8\             
         |                        |[] 
 []


Overfull \hbox (34.24352pt too wide) in paragraph at lines 1017--1017
[]\T1/lmtt/m/n/10 |    |                             | IQR (CV) : 1 (-7.2)     
         |                        |[] 
 []


Overfull \hbox (34.24352pt too wide) in paragraph at lines 1017--1017
[]\T1/lmtt/m/n/10 +----+-----------------------------+-------------------------
---------+------------------------+[] 
 []


Overfull \hbox (34.24352pt too wide) in paragraph at lines 1017--1017
[]\T1/lmtt/m/n/10 | 10 | PAY_4\                      | Mean (sd) : -0.2 (1.2)\ 
         | 11 distinct values     |[] 
 []


Overfull \hbox (34.24352pt too wide) in paragraph at lines 1017--1017
[]\T1/lmtt/m/n/10 |    | [integer]                   | min < med < max:\       
         |                        |[] 
 []


Overfull \hbox (34.24352pt too wide) in paragraph at lines 1017--1017
[]\T1/lmtt/m/n/10 |    |                             | -2 < 0 < 8\             
         |                        |[] 
 []


Overfull \hbox (34.24352pt too wide) in paragraph at lines 1017--1017
[]\T1/lmtt/m/n/10 |    |                             | IQR (CV) : 1 (-5.3)     
         |                        |[] 
 []


Overfull \hbox (34.24352pt too wide) in paragraph at lines 1017--1017
[]\T1/lmtt/m/n/10 +----+-----------------------------+-------------------------
---------+------------------------+[] 
 []


Overfull \hbox (34.24352pt too wide) in paragraph at lines 1017--1017
[]\T1/lmtt/m/n/10 | 11 | PAY_5\                      | Mean (sd) : -0.3 (1.1)\ 
         | -2 :  4546 (15.2%)\    |[] 
 []


Overfull \hbox (34.24352pt too wide) in paragraph at lines 1017--1017
[]\T1/lmtt/m/n/10 |    | [integer]                   | min < med < max:\       
         | -1 :  5539 (18.5%)\    |[] 
 []


Overfull \hbox (34.24352pt too wide) in paragraph at lines 1017--1017
[]\T1/lmtt/m/n/10 |    |                             | -2 < 0 < 8\             
         | 0  : 16947 (56.5%)\    |[] 
 []


Overfull \hbox (34.24352pt too wide) in paragraph at lines 1017--1017
[]\T1/lmtt/m/n/10 |    |                             | IQR (CV) : 1 (-4.3)     
         | 2  :  2626 ( 8.8%)\    |[] 
 []


Overfull \hbox (34.24352pt too wide) in paragraph at lines 1017--1017
[]\T1/lmtt/m/n/10 |    |                             |                         
         | 3  :   178 ( 0.6%)\    |[] 
 []


Overfull \hbox (34.24352pt too wide) in paragraph at lines 1017--1017
[]\T1/lmtt/m/n/10 |    |                             |                         
         | 4  :    84 ( 0.3%)\    |[] 
 []


Overfull \hbox (34.24352pt too wide) in paragraph at lines 1017--1017
[]\T1/lmtt/m/n/10 |    |                             |                         
         | 5  :    17 ( 0.1%)\    |[] 
 []


Overfull \hbox (34.24352pt too wide) in paragraph at lines 1017--1017
[]\T1/lmtt/m/n/10 |    |                             |                         
         | 6  :     4 ( 0.0%)\    |[] 
 []


Overfull \hbox (34.24352pt too wide) in paragraph at lines 1017--1017
[]\T1/lmtt/m/n/10 |    |                             |                         
         | 7  :    58 ( 0.2%)\    |[] 
 []


Overfull \hbox (34.24352pt too wide) in paragraph at lines 1017--1017
[]\T1/lmtt/m/n/10 |    |                             |                         
         | 8  :     1 ( 0.0%)     |[] 
 []


Overfull \hbox (34.24352pt too wide) in paragraph at lines 1017--1017
[]\T1/lmtt/m/n/10 +----+-----------------------------+-------------------------
---------+------------------------+[] 
 []


Overfull \hbox (34.24352pt too wide) in paragraph at lines 1017--1017
[]\T1/lmtt/m/n/10 | 12 | PAY_6\                      | Mean (sd) : -0.3 (1.1)\ 
         | -2 :  4895 (16.3%)\    |[] 
 []


Overfull \hbox (34.24352pt too wide) in paragraph at lines 1017--1017
[]\T1/lmtt/m/n/10 |    | [integer]                   | min < med < max:\       
         | -1 :  5740 (19.1%)\    |[] 
 []


Overfull \hbox (34.24352pt too wide) in paragraph at lines 1017--1017
[]\T1/lmtt/m/n/10 |    |                             | -2 < 0 < 8\             
         | 0  : 16286 (54.3%)\    |[] 
 []


Overfull \hbox (34.24352pt too wide) in paragraph at lines 1017--1017
[]\T1/lmtt/m/n/10 |    |                             | IQR (CV) : 1 (-4)       
         | 2  :  2766 ( 9.2%)\    |[] 
 []


Overfull \hbox (34.24352pt too wide) in paragraph at lines 1017--1017
[]\T1/lmtt/m/n/10 |    |                             |                         
         | 3  :   184 ( 0.6%)\    |[] 
 []


Overfull \hbox (34.24352pt too wide) in paragraph at lines 1017--1017
[]\T1/lmtt/m/n/10 |    |                             |                         
         | 4  :    49 ( 0.2%)\    |[] 
 []


Overfull \hbox (34.24352pt too wide) in paragraph at lines 1017--1017
[]\T1/lmtt/m/n/10 |    |                             |                         
         | 5  :    13 ( 0.0%)\    |[] 
 []


Overfull \hbox (34.24352pt too wide) in paragraph at lines 1017--1017
[]\T1/lmtt/m/n/10 |    |                             |                         
         | 6  :    19 ( 0.1%)\    |[] 
 []


Overfull \hbox (34.24352pt too wide) in paragraph at lines 1017--1017
[]\T1/lmtt/m/n/10 |    |                             |                         
         | 7  :    46 ( 0.1%)\    |[] 
 []


Overfull \hbox (34.24352pt too wide) in paragraph at lines 1017--1017
[]\T1/lmtt/m/n/10 |    |                             |                         
         | 8  :     2 ( 0.0%)     |[] 
 []


Overfull \hbox (34.24352pt too wide) in paragraph at lines 1017--1017
[]\T1/lmtt/m/n/10 +----+-----------------------------+-------------------------
---------+------------------------+[] 
 []


Overfull \hbox (34.24352pt too wide) in paragraph at lines 1017--1017
[]\T1/lmtt/m/n/10 | 13 | BILL_AMT1\                  | Mean (sd) : 51223.3 (736
35.9)\   | 22723 distinct values  |[] 
 []


Overfull \hbox (34.24352pt too wide) in paragraph at lines 1017--1017
[]\T1/lmtt/m/n/10 |    | [numeric]                   | min < med < max:\       
         |                        |[] 
 []


Overfull \hbox (34.24352pt too wide) in paragraph at lines 1017--1017
[]\T1/lmtt/m/n/10 |    |                             | -165580 < 22381.5 < 9645
11\      |                        |[] 
 []


Overfull \hbox (34.24352pt too wide) in paragraph at lines 1017--1017
[]\T1/lmtt/m/n/10 |    |                             | IQR (CV) : 63532.2 (1.4)
         |                        |[] 
 []


Overfull \hbox (34.24352pt too wide) in paragraph at lines 1017--1017
[]\T1/lmtt/m/n/10 +----+-----------------------------+-------------------------
---------+------------------------+[] 
 []


Overfull \hbox (34.24352pt too wide) in paragraph at lines 1017--1017
[]\T1/lmtt/m/n/10 | 14 | BILL_AMT2\                  | Mean (sd) : 49179.1 (711
73.8)\   | 22346 distinct values  |[] 
 []

[13]
Overfull \hbox (34.24352pt too wide) in paragraph at lines 1017--1017
[]\T1/lmtt/m/n/10 |    | [numeric]                   | min < med < max:\       
         |                        |[] 
 []


Overfull \hbox (34.24352pt too wide) in paragraph at lines 1017--1017
[]\T1/lmtt/m/n/10 |    |                             | -69777 < 21200 < 983931\
         |                        |[] 
 []


Overfull \hbox (34.24352pt too wide) in paragraph at lines 1017--1017
[]\T1/lmtt/m/n/10 |    |                             | IQR (CV) : 61021.5 (1.4)
         |                        |[] 
 []


Overfull \hbox (34.24352pt too wide) in paragraph at lines 1017--1017
[]\T1/lmtt/m/n/10 +----+-----------------------------+-------------------------
---------+------------------------+[] 
 []


Overfull \hbox (34.24352pt too wide) in paragraph at lines 1017--1017
[]\T1/lmtt/m/n/10 | 15 | BILL_AMT3\                  | Mean (sd) : 47013.2 (693
49.4)\   | 22026 distinct values  |[] 
 []


Overfull \hbox (34.24352pt too wide) in paragraph at lines 1017--1017
[]\T1/lmtt/m/n/10 |    | [numeric]                   | min < med < max:\       
         |                        |[] 
 []


Overfull \hbox (34.24352pt too wide) in paragraph at lines 1017--1017
[]\T1/lmtt/m/n/10 |    |                             | -157264 < 20088.5 < 1664
089\     |                        |[] 
 []


Overfull \hbox (34.24352pt too wide) in paragraph at lines 1017--1017
[]\T1/lmtt/m/n/10 |    |                             | IQR (CV) : 57498.5 (1.5)
         |                        |[] 
 []


Overfull \hbox (34.24352pt too wide) in paragraph at lines 1017--1017
[]\T1/lmtt/m/n/10 +----+-----------------------------+-------------------------
---------+------------------------+[] 
 []


Overfull \hbox (34.24352pt too wide) in paragraph at lines 1017--1017
[]\T1/lmtt/m/n/10 | 16 | BILL_AMT4\                  | Mean (sd) : 43262.9 (643
32.9)\   | 21548 distinct values  |[] 
 []


Overfull \hbox (34.24352pt too wide) in paragraph at lines 1017--1017
[]\T1/lmtt/m/n/10 |    | [numeric]                   | min < med < max:\       
         |                        |[] 
 []


Overfull \hbox (34.24352pt too wide) in paragraph at lines 1017--1017
[]\T1/lmtt/m/n/10 |    |                             | -170000 < 19052 < 891586
\        |                        |[] 
 []


Overfull \hbox (34.24352pt too wide) in paragraph at lines 1017--1017
[]\T1/lmtt/m/n/10 |    |                             | IQR (CV) : 52179.2 (1.5)
         |                        |[] 
 []


Overfull \hbox (34.24352pt too wide) in paragraph at lines 1017--1017
[]\T1/lmtt/m/n/10 +----+-----------------------------+-------------------------
---------+------------------------+[] 
 []


Overfull \hbox (34.24352pt too wide) in paragraph at lines 1017--1017
[]\T1/lmtt/m/n/10 | 17 | BILL_AMT5\                  | Mean (sd) : 40311.4 (607
97.2)\   | 21010 distinct values  |[] 
 []


Overfull \hbox (34.24352pt too wide) in paragraph at lines 1017--1017
[]\T1/lmtt/m/n/10 |    | [numeric]                   | min < med < max:\       
         |                        |[] 
 []


Overfull \hbox (34.24352pt too wide) in paragraph at lines 1017--1017
[]\T1/lmtt/m/n/10 |    |                             | -81334 < 18104.5 < 92717
1\       |                        |[] 
 []


Overfull \hbox (34.24352pt too wide) in paragraph at lines 1017--1017
[]\T1/lmtt/m/n/10 |    |                             | IQR (CV) : 48427.5 (1.5)
         |                        |[] 
 []


Overfull \hbox (34.24352pt too wide) in paragraph at lines 1017--1017
[]\T1/lmtt/m/n/10 +----+-----------------------------+-------------------------
---------+------------------------+[] 
 []


Overfull \hbox (34.24352pt too wide) in paragraph at lines 1017--1017
[]\T1/lmtt/m/n/10 | 18 | BILL_AMT6\                  | Mean (sd) : 38871.8 (595
54.1)\   | 20604 distinct values  |[] 
 []


Overfull \hbox (34.24352pt too wide) in paragraph at lines 1017--1017
[]\T1/lmtt/m/n/10 |    | [numeric]                   | min < med < max:\       
         |                        |[] 
 []


Overfull \hbox (34.24352pt too wide) in paragraph at lines 1017--1017
[]\T1/lmtt/m/n/10 |    |                             | -339603 < 17071 < 961664
\        |                        |[] 
 []


Overfull \hbox (34.24352pt too wide) in paragraph at lines 1017--1017
[]\T1/lmtt/m/n/10 |    |                             | IQR (CV) : 47942.2 (1.5)
         |                        |[] 
 []


Overfull \hbox (34.24352pt too wide) in paragraph at lines 1017--1017
[]\T1/lmtt/m/n/10 +----+-----------------------------+-------------------------
---------+------------------------+[] 
 []


Overfull \hbox (34.24352pt too wide) in paragraph at lines 1017--1017
[]\T1/lmtt/m/n/10 | 19 | PAY_AMT1\                   | Mean (sd) : 5663.6 (1656
3.3)\    | 7943 distinct values   |[] 
 []


Overfull \hbox (34.24352pt too wide) in paragraph at lines 1017--1017
[]\T1/lmtt/m/n/10 |    | [numeric]                   | min < med < max:\       
         |                        |[] 
 []


Overfull \hbox (34.24352pt too wide) in paragraph at lines 1017--1017
[]\T1/lmtt/m/n/10 |    |                             | 0 < 2100 < 873552\      
         |                        |[] 
 []


Overfull \hbox (34.24352pt too wide) in paragraph at lines 1017--1017
[]\T1/lmtt/m/n/10 |    |                             | IQR (CV) : 4006 (2.9)   
         |                        |[] 
 []


Overfull \hbox (34.24352pt too wide) in paragraph at lines 1017--1017
[]\T1/lmtt/m/n/10 +----+-----------------------------+-------------------------
---------+------------------------+[] 
 []


Overfull \hbox (34.24352pt too wide) in paragraph at lines 1017--1017
[]\T1/lmtt/m/n/10 | 20 | PAY_AMT2\                   | Mean (sd) : 5921.2 (2304
0.9)\    | 7899 distinct values   |[] 
 []


Overfull \hbox (34.24352pt too wide) in paragraph at lines 1017--1017
[]\T1/lmtt/m/n/10 |    | [numeric]                   | min < med < max:\       
         |                        |[] 
 []


Overfull \hbox (34.24352pt too wide) in paragraph at lines 1017--1017
[]\T1/lmtt/m/n/10 |    |                             | 0 < 2009 < 1684259\     
         |                        |[] 
 []


Overfull \hbox (34.24352pt too wide) in paragraph at lines 1017--1017
[]\T1/lmtt/m/n/10 |    |                             | IQR (CV) : 4167 (3.9)   
         |                        |[] 
 []


Overfull \hbox (34.24352pt too wide) in paragraph at lines 1017--1017
[]\T1/lmtt/m/n/10 +----+-----------------------------+-------------------------
---------+------------------------+[] 
 []


Overfull \hbox (34.24352pt too wide) in paragraph at lines 1017--1017
[]\T1/lmtt/m/n/10 | 21 | PAY_AMT3\                   | Mean (sd) : 5225.7 (1760
7)\      | 7518 distinct values   |[] 
 []


Overfull \hbox (34.24352pt too wide) in paragraph at lines 1017--1017
[]\T1/lmtt/m/n/10 |    | [numeric]                   | min < med < max:\       
         |                        |[] 
 []


Overfull \hbox (34.24352pt too wide) in paragraph at lines 1017--1017
[]\T1/lmtt/m/n/10 |    |                             | 0 < 1800 < 896040\      
         |                        |[] 
 []


Overfull \hbox (34.24352pt too wide) in paragraph at lines 1017--1017
[]\T1/lmtt/m/n/10 |    |                             | IQR (CV) : 4115 (3.4)   
         |                        |[] 
 []


Overfull \hbox (34.24352pt too wide) in paragraph at lines 1017--1017
[]\T1/lmtt/m/n/10 +----+-----------------------------+-------------------------
---------+------------------------+[] 
 []


Overfull \hbox (34.24352pt too wide) in paragraph at lines 1017--1017
[]\T1/lmtt/m/n/10 | 22 | PAY_AMT4\                   | Mean (sd) : 4826.1 (1566
6.2)\    | 6937 distinct values   |[] 
 []


Overfull \hbox (34.24352pt too wide) in paragraph at lines 1017--1017
[]\T1/lmtt/m/n/10 |    | [numeric]                   | min < med < max:\       
         |                        |[] 
 []


Overfull \hbox (34.24352pt too wide) in paragraph at lines 1017--1017
[]\T1/lmtt/m/n/10 |    |                             | 0 < 1500 < 621000\      
         |                        |[] 
 []


Overfull \hbox (34.24352pt too wide) in paragraph at lines 1017--1017
[]\T1/lmtt/m/n/10 |    |                             | IQR (CV) : 3717.2 (3.2) 
         |                        |[] 
 []


Overfull \hbox (34.24352pt too wide) in paragraph at lines 1017--1017
[]\T1/lmtt/m/n/10 +----+-----------------------------+-------------------------
---------+------------------------+[] 
 []


Overfull \hbox (34.24352pt too wide) in paragraph at lines 1017--1017
[]\T1/lmtt/m/n/10 | 23 | PAY_AMT5\                   | Mean (sd) : 4799.4 (1527
8.3)\    | 6897 distinct values   |[] 
 []


Overfull \hbox (34.24352pt too wide) in paragraph at lines 1017--1017
[]\T1/lmtt/m/n/10 |    | [numeric]                   | min < med < max:\       
         |                        |[] 
 []


Overfull \hbox (34.24352pt too wide) in paragraph at lines 1017--1017
[]\T1/lmtt/m/n/10 |    |                             | 0 < 1500 < 426529\      
         |                        |[] 
 []


Overfull \hbox (34.24352pt too wide) in paragraph at lines 1017--1017
[]\T1/lmtt/m/n/10 |    |                             | IQR (CV) : 3779 (3.2)   
         |                        |[] 
 []


Overfull \hbox (34.24352pt too wide) in paragraph at lines 1017--1017
[]\T1/lmtt/m/n/10 +----+-----------------------------+-------------------------
---------+------------------------+[] 
 []


Overfull \hbox (34.24352pt too wide) in paragraph at lines 1017--1017
[]\T1/lmtt/m/n/10 | 24 | PAY_AMT6\                   | Mean (sd) : 5215.5 (1777
7.5)\    | 6939 distinct values   |[] 
 []


Overfull \hbox (34.24352pt too wide) in paragraph at lines 1017--1017
[]\T1/lmtt/m/n/10 |    | [numeric]                   | min < med < max:\       
         |                        |[] 
 []


Overfull \hbox (34.24352pt too wide) in paragraph at lines 1017--1017
[]\T1/lmtt/m/n/10 |    |                             | 0 < 1500 < 528666\      
         |                        |[] 
 []


Overfull \hbox (34.24352pt too wide) in paragraph at lines 1017--1017
[]\T1/lmtt/m/n/10 |    |                             | IQR (CV) : 3882.2 (3.4) 
         |                        |[] 
 []


Overfull \hbox (34.24352pt too wide) in paragraph at lines 1017--1017
[]\T1/lmtt/m/n/10 +----+-----------------------------+-------------------------
---------+------------------------+[] 
 []

[14]
Overfull \hbox (34.24352pt too wide) in paragraph at lines 1017--1017
[]\T1/lmtt/m/n/10 | 25 | default.payment.next.month\ | Min  : 0\               
         | 0 : 23364 (77.9%)\     |[] 
 []


Overfull \hbox (34.24352pt too wide) in paragraph at lines 1017--1017
[]\T1/lmtt/m/n/10 |    | [integer]                   | Mean : 0.2\             
         | 1 :  6636 (22.1%)      |[] 
 []


Overfull \hbox (34.24352pt too wide) in paragraph at lines 1017--1017
[]\T1/lmtt/m/n/10 |    |                             | Max  : 1                
         |                        |[] 
 []


Overfull \hbox (34.24352pt too wide) in paragraph at lines 1017--1017
[]\T1/lmtt/m/n/10 +----+-----------------------------+-------------------------
---------+------------------------+[] 
 []

[15] [16]
Overfull \hbox (19.66791pt too wide) in paragraph at lines 1118--1119
[]\T1/lmr/m/n/10 EDUCATION|  
 []


Overfull \hbox (14.59845pt too wide) in paragraph at lines 1124--1125
[]\T1/lmr/m/n/10 MARRIAGE|  
 []


Overfull \hbox (4.946pt too wide) in paragraph at lines 1129--1130
[]\T1/lmr/m/n/10 DEFAULT|  
 []

[17]
<capstone_wykoong_UCI-CC-Default_files/figure-latex/sex_distribution-1.pdf, id=
477, 469.755pt x 325.215pt>
File: capstone_wykoong_UCI-CC-Default_files/figure-latex/sex_distribution-1.pdf
 Graphic file (type pdf)
<use capstone_wykoong_UCI-CC-Default_files/figure-latex/sex_distribution-1.pdf>

Package pdftex.def Info: capstone_wykoong_UCI-CC-Default_files/figure-latex/sex
_distribution-1.pdf  used on input line 1187.
(pdftex.def)             Requested size: 469.75386pt x 325.2142pt.
[18 <./capstone_wykoong_UCI-CC-Default_files/figure-latex/sex_distribution-1.pd
f>]
<capstone_wykoong_UCI-CC-Default_files/figure-latex/plot_education_unique-1.pdf
, id=489, 469.755pt x 325.215pt>
File: capstone_wykoong_UCI-CC-Default_files/figure-latex/plot_education_unique-
1.pdf Graphic file (type pdf)
<use capstone_wykoong_UCI-CC-Default_files/figure-latex/plot_education_unique-1
.pdf>
Package pdftex.def Info: capstone_wykoong_UCI-CC-Default_files/figure-latex/plo
t_education_unique-1.pdf  used on input line 1235.
(pdftex.def)             Requested size: 469.75386pt x 325.2142pt.
[19 <./capstone_wykoong_UCI-CC-Default_files/figure-latex/plot_education_unique
-1.pdf>]
<capstone_wykoong_UCI-CC-Default_files/figure-latex/plot_education_distribution
-1.pdf, id=502, 469.755pt x 325.215pt>
File: capstone_wykoong_UCI-CC-Default_files/figure-latex/plot_education_distrib
ution-1.pdf Graphic file (type pdf)
<use capstone_wykoong_UCI-CC-Default_files/figure-latex/plot_education_distribu
tion-1.pdf>
Package pdftex.def Info: capstone_wykoong_UCI-CC-Default_files/figure-latex/plo
t_education_distribution-1.pdf  used on input line 1250.
(pdftex.def)             Requested size: 469.75386pt x 325.2142pt.
[20 <./capstone_wykoong_UCI-CC-Default_files/figure-latex/plot_education_distri
bution-1.pdf>]
<capstone_wykoong_UCI-CC-Default_files/figure-latex/plot_marraige_unique-1.pdf,
 id=512, 469.755pt x 325.215pt>
File: capstone_wykoong_UCI-CC-Default_files/figure-latex/plot_marraige_unique-1
.pdf Graphic file (type pdf)
<use capstone_wykoong_UCI-CC-Default_files/figure-latex/plot_marraige_unique-1.
pdf>
Package pdftex.def Info: capstone_wykoong_UCI-CC-Default_files/figure-latex/plo
t_marraige_unique-1.pdf  used on input line 1287.
(pdftex.def)             Requested size: 469.75386pt x 325.2142pt.
[21 <./capstone_wykoong_UCI-CC-Default_files/figure-latex/plot_marraige_unique-
1.pdf>]
<capstone_wykoong_UCI-CC-Default_files/figure-latex/plot_marriage_distribution-
1.pdf, id=524, 469.755pt x 325.215pt>
File: capstone_wykoong_UCI-CC-Default_files/figure-latex/plot_marriage_distribu
tion-1.pdf Graphic file (type pdf)
<use capstone_wykoong_UCI-CC-Default_files/figure-latex/plot_marriage_distribut
ion-1.pdf>
Package pdftex.def Info: capstone_wykoong_UCI-CC-Default_files/figure-latex/plo
t_marriage_distribution-1.pdf  used on input line 1302.
(pdftex.def)             Requested size: 469.75386pt x 325.2142pt.
[22 <./capstone_wykoong_UCI-CC-Default_files/figure-latex/plot_marriage_distrib
ution-1.pdf>]
<capstone_wykoong_UCI-CC-Default_files/figure-latex/plot_age_unique-1.pdf, id=5
34, 469.755pt x 325.215pt>
File: capstone_wykoong_UCI-CC-Default_files/figure-latex/plot_age_unique-1.pdf 
Graphic file (type pdf)
<use capstone_wykoong_UCI-CC-Default_files/figure-latex/plot_age_unique-1.pdf>
Package pdftex.def Info: capstone_wykoong_UCI-CC-Default_files/figure-latex/plo
t_age_unique-1.pdf  used on input line 1312.
(pdftex.def)             Requested size: 469.75386pt x 325.2142pt.
[23 <./capstone_wykoong_UCI-CC-Default_files/figure-latex/plot_age_unique-1.pdf
>]
<capstone_wykoong_UCI-CC-Default_files/figure-latex/plot_age_grouping_silhouett
e-1.pdf, id=545, 469.755pt x 325.215pt>
File: capstone_wykoong_UCI-CC-Default_files/figure-latex/plot_age_grouping_silh
ouette-1.pdf Graphic file (type pdf)
<use capstone_wykoong_UCI-CC-Default_files/figure-latex/plot_age_grouping_silho
uette-1.pdf>
Package pdftex.def Info: capstone_wykoong_UCI-CC-Default_files/figure-latex/plo
t_age_grouping_silhouette-1.pdf  used on input line 1352.
(pdftex.def)             Requested size: 469.75386pt x 325.2142pt.
<capstone_wykoong_UCI-CC-Default_files/figure-latex/plot_age_distribution-1.pdf
, id=546, 469.755pt x 325.215pt>
File: capstone_wykoong_UCI-CC-Default_files/figure-latex/plot_age_distribution-
1.pdf Graphic file (type pdf)
<use capstone_wykoong_UCI-CC-Default_files/figure-latex/plot_age_distribution-1
.pdf>
Package pdftex.def Info: capstone_wykoong_UCI-CC-Default_files/figure-latex/plo
t_age_distribution-1.pdf  used on input line 1358.
(pdftex.def)             Requested size: 469.75386pt x 325.2142pt.
[24 <./capstone_wykoong_UCI-CC-Default_files/figure-latex/plot_age_grouping_sil
houette-1.pdf>] [25 <./capstone_wykoong_UCI-CC-Default_files/figure-latex/plot_
age_distribution-1.pdf>] [26] [27]
Overfull \hbox (97.96786pt too wide) in alignment at lines 1439--1445
 [] [] [] [] [] [] [] [] [] [] [] [] 
 []


Overfull \hbox (97.96786pt too wide) in alignment at lines 1445--1450
 [] [] [] [] [] [] [] [] [] [] [] [] 
 []


Overfull \hbox (97.96786pt too wide) in alignment at lines 1450--1476
 [] [] [] [] [] [] [] [] [] [] [] [] 
 []

[28] [29]
<capstone_wykoong_UCI-CC-Default_files/figure-latex/plot_default_sex_edu_mar-1.
pdf, id=589, 469.755pt x 325.215pt>
File: capstone_wykoong_UCI-CC-Default_files/figure-latex/plot_default_sex_edu_m
ar-1.pdf Graphic file (type pdf)
<use capstone_wykoong_UCI-CC-Default_files/figure-latex/plot_default_sex_edu_ma
r-1.pdf>
Package pdftex.def Info: capstone_wykoong_UCI-CC-Default_files/figure-latex/plo
t_default_sex_edu_mar-1.pdf  used on input line 1528.
(pdftex.def)             Requested size: 469.75386pt x 325.2142pt.
[30 <./capstone_wykoong_UCI-CC-Default_files/figure-latex/plot_default_sex_edu_
mar-1.pdf>]
<capstone_wykoong_UCI-CC-Default_files/figure-latex/plot_education_default-1.pd
f, id=601, 469.755pt x 325.215pt>
File: capstone_wykoong_UCI-CC-Default_files/figure-latex/plot_education_default
-1.pdf Graphic file (type pdf)
<use capstone_wykoong_UCI-CC-Default_files/figure-latex/plot_education_default-
1.pdf>
Package pdftex.def Info: capstone_wykoong_UCI-CC-Default_files/figure-latex/plo
t_education_default-1.pdf  used on input line 1537.
(pdftex.def)             Requested size: 469.75386pt x 325.2142pt.
[31 <./capstone_wykoong_UCI-CC-Default_files/figure-latex/plot_education_defaul
t-1.pdf>]
<capstone_wykoong_UCI-CC-Default_files/figure-latex/plot_pie_education_default-
1.pdf, id=613, 469.755pt x 325.215pt>
File: capstone_wykoong_UCI-CC-Default_files/figure-latex/plot_pie_education_def
ault-1.pdf Graphic file (type pdf)
<use capstone_wykoong_UCI-CC-Default_files/figure-latex/plot_pie_education_defa
ult-1.pdf>
Package pdftex.def Info: capstone_wykoong_UCI-CC-Default_files/figure-latex/plo
t_pie_education_default-1.pdf  used on input line 1545.
(pdftex.def)             Requested size: 469.75386pt x 325.2142pt.
[32 <./capstone_wykoong_UCI-CC-Default_files/figure-latex/plot_pie_education_de
fault-1.pdf>]
<capstone_wykoong_UCI-CC-Default_files/figure-latex/plot_sex_default-1.pdf, id=
623, 469.755pt x 325.215pt>
File: capstone_wykoong_UCI-CC-Default_files/figure-latex/plot_sex_default-1.pdf
 Graphic file (type pdf)
<use capstone_wykoong_UCI-CC-Default_files/figure-latex/plot_sex_default-1.pdf>

Package pdftex.def Info: capstone_wykoong_UCI-CC-Default_files/figure-latex/plo
t_sex_default-1.pdf  used on input line 1554.
(pdftex.def)             Requested size: 469.75386pt x 325.2142pt.
[33 <./capstone_wykoong_UCI-CC-Default_files/figure-latex/plot_sex_default-1.pd
f>]
<capstone_wykoong_UCI-CC-Default_files/figure-latex/plot_pie_sex_default-1.pdf,
 id=634, 469.755pt x 325.215pt>
File: capstone_wykoong_UCI-CC-Default_files/figure-latex/plot_pie_sex_default-1
.pdf Graphic file (type pdf)
<use capstone_wykoong_UCI-CC-Default_files/figure-latex/plot_pie_sex_default-1.
pdf>
Package pdftex.def Info: capstone_wykoong_UCI-CC-Default_files/figure-latex/plo
t_pie_sex_default-1.pdf  used on input line 1559.
(pdftex.def)             Requested size: 469.75386pt x 325.2142pt.
[34 <./capstone_wykoong_UCI-CC-Default_files/figure-latex/plot_pie_sex_default-
1.pdf>]
<capstone_wykoong_UCI-CC-Default_files/figure-latex/plot_marriage_default-1.pdf
, id=644, 469.755pt x 325.215pt>
File: capstone_wykoong_UCI-CC-Default_files/figure-latex/plot_marriage_default-
1.pdf Graphic file (type pdf)
<use capstone_wykoong_UCI-CC-Default_files/figure-latex/plot_marriage_default-1
.pdf>
Package pdftex.def Info: capstone_wykoong_UCI-CC-Default_files/figure-latex/plo
t_marriage_default-1.pdf  used on input line 1568.
(pdftex.def)             Requested size: 469.75386pt x 325.2142pt.
[35 <./capstone_wykoong_UCI-CC-Default_files/figure-latex/plot_marriage_default
-1.pdf>]
<capstone_wykoong_UCI-CC-Default_files/figure-latex/plot_pie_marraige_default-1
.pdf, id=655, 469.755pt x 325.215pt>
File: capstone_wykoong_UCI-CC-Default_files/figure-latex/plot_pie_marraige_defa
ult-1.pdf Graphic file (type pdf)
<use capstone_wykoong_UCI-CC-Default_files/figure-latex/plot_pie_marraige_defau
lt-1.pdf>
Package pdftex.def Info: capstone_wykoong_UCI-CC-Default_files/figure-latex/plo
t_pie_marraige_default-1.pdf  used on input line 1576.
(pdftex.def)             Requested size: 469.75386pt x 325.2142pt.
[36 <./capstone_wykoong_UCI-CC-Default_files/figure-latex/plot_pie_marraige_def
ault-1.pdf>]
<capstone_wykoong_UCI-CC-Default_files/figure-latex/plot_agefac_default-1.pdf, 
id=665, 469.755pt x 325.215pt>
File: capstone_wykoong_UCI-CC-Default_files/figure-latex/plot_agefac_default-1.
pdf Graphic file (type pdf)
<use capstone_wykoong_UCI-CC-Default_files/figure-latex/plot_agefac_default-1.p
df>
Package pdftex.def Info: capstone_wykoong_UCI-CC-Default_files/figure-latex/plo
t_agefac_default-1.pdf  used on input line 1586.
(pdftex.def)             Requested size: 469.75386pt x 325.2142pt.
[37 <./capstone_wykoong_UCI-CC-Default_files/figure-latex/plot_agefac_default-1
.pdf>]
<capstone_wykoong_UCI-CC-Default_files/figure-latex/plot_pie_agefac_default-1.p
df, id=677, 469.755pt x 325.215pt>
File: capstone_wykoong_UCI-CC-Default_files/figure-latex/plot_pie_agefac_defaul
t-1.pdf Graphic file (type pdf)
<use capstone_wykoong_UCI-CC-Default_files/figure-latex/plot_pie_agefac_default
-1.pdf>
Package pdftex.def Info: capstone_wykoong_UCI-CC-Default_files/figure-latex/plo
t_pie_agefac_default-1.pdf  used on input line 1596.
(pdftex.def)             Requested size: 469.75386pt x 325.2142pt.
[38 <./capstone_wykoong_UCI-CC-Default_files/figure-latex/plot_pie_agefac_defau
lt-1.pdf>]
<capstone_wykoong_UCI-CC-Default_files/figure-latex/plot_pay_default-1.pdf, id=
687, 469.755pt x 325.215pt>
File: capstone_wykoong_UCI-CC-Default_files/figure-latex/plot_pay_default-1.pdf
 Graphic file (type pdf)
<use capstone_wykoong_UCI-CC-Default_files/figure-latex/plot_pay_default-1.pdf>

Package pdftex.def Info: capstone_wykoong_UCI-CC-Default_files/figure-latex/plo
t_pay_default-1.pdf  used on input line 1621.
(pdftex.def)             Requested size: 469.75386pt x 325.2142pt.
[39 <./capstone_wykoong_UCI-CC-Default_files/figure-latex/plot_pay_default-1.pd
f>]
<capstone_wykoong_UCI-CC-Default_files/figure-latex/plot_pay_default_facet-1.pd
f, id=698, 469.755pt x 325.215pt>
File: capstone_wykoong_UCI-CC-Default_files/figure-latex/plot_pay_default_facet
-1.pdf Graphic file (type pdf)
<use capstone_wykoong_UCI-CC-Default_files/figure-latex/plot_pay_default_facet-
1.pdf>
Package pdftex.def Info: capstone_wykoong_UCI-CC-Default_files/figure-latex/plo
t_pay_default_facet-1.pdf  used on input line 1629.
(pdftex.def)             Requested size: 469.75386pt x 325.2142pt.
[40 <./capstone_wykoong_UCI-CC-Default_files/figure-latex/plot_pay_default_face
t-1.pdf>]
<capstone_wykoong_UCI-CC-Default_files/figure-latex/plot_pay_default_remove-1.p
df, id=708, 469.755pt x 325.215pt>
File: capstone_wykoong_UCI-CC-Default_files/figure-latex/plot_pay_default_remov
e-1.pdf Graphic file (type pdf)
<use capstone_wykoong_UCI-CC-Default_files/figure-latex/plot_pay_default_remove
-1.pdf>
Package pdftex.def Info: capstone_wykoong_UCI-CC-Default_files/figure-latex/plo
t_pay_default_remove-1.pdf  used on input line 1637.
(pdftex.def)             Requested size: 469.75386pt x 325.2142pt.
[41 <./capstone_wykoong_UCI-CC-Default_files/figure-latex/plot_pay_default_remo
ve-1.pdf>]
<capstone_wykoong_UCI-CC-Default_files/figure-latex/plot_pay_default_facet_remo
ve-1.pdf, id=718, 469.755pt x 325.215pt>
File: capstone_wykoong_UCI-CC-Default_files/figure-latex/plot_pay_default_facet
_remove-1.pdf Graphic file (type pdf)
<use capstone_wykoong_UCI-CC-Default_files/figure-latex/plot_pay_default_facet_
remove-1.pdf>
Package pdftex.def Info: capstone_wykoong_UCI-CC-Default_files/figure-latex/plo
t_pay_default_facet_remove-1.pdf  used on input line 1645.
(pdftex.def)             Requested size: 469.75386pt x 325.2142pt.
[42 <./capstone_wykoong_UCI-CC-Default_files/figure-latex/plot_pay_default_face
t_remove-1.pdf>]
<capstone_wykoong_UCI-CC-Default_files/figure-latex/plot_pay_default_gap_facet_
remove-1.pdf, id=729, 469.755pt x 325.215pt>
File: capstone_wykoong_UCI-CC-Default_files/figure-latex/plot_pay_default_gap_f
acet_remove-1.pdf Graphic file (type pdf)
<use capstone_wykoong_UCI-CC-Default_files/figure-latex/plot_pay_default_gap_fa
cet_remove-1.pdf>
Package pdftex.def Info: capstone_wykoong_UCI-CC-Default_files/figure-latex/plo
t_pay_default_gap_facet_remove-1.pdf  used on input line 1651.
(pdftex.def)             Requested size: 469.75386pt x 325.2142pt.
[43 <./capstone_wykoong_UCI-CC-Default_files/figure-latex/plot_pay_default_gap_
facet_remove-1.pdf>]
<capstone_wykoong_UCI-CC-Default_files/figure-latex/plot_payon_default-1.pdf, i
d=740, 469.755pt x 325.215pt>
File: capstone_wykoong_UCI-CC-Default_files/figure-latex/plot_payon_default-1.p
df Graphic file (type pdf)
<use capstone_wykoong_UCI-CC-Default_files/figure-latex/plot_payon_default-1.pd
f>
Package pdftex.def Info: capstone_wykoong_UCI-CC-Default_files/figure-latex/plo
t_payon_default-1.pdf  used on input line 1679.
(pdftex.def)             Requested size: 469.75386pt x 325.2142pt.
[44 <./capstone_wykoong_UCI-CC-Default_files/figure-latex/plot_payon_default-1.
pdf>]
<capstone_wykoong_UCI-CC-Default_files/figure-latex/plot_dat_payon_sum-1.pdf, i
d=751, 469.755pt x 325.215pt>
File: capstone_wykoong_UCI-CC-Default_files/figure-latex/plot_dat_payon_sum-1.p
df Graphic file (type pdf)
<use capstone_wykoong_UCI-CC-Default_files/figure-latex/plot_dat_payon_sum-1.pd
f>
Package pdftex.def Info: capstone_wykoong_UCI-CC-Default_files/figure-latex/plo
t_dat_payon_sum-1.pdf  used on input line 1712.
(pdftex.def)             Requested size: 469.75386pt x 325.2142pt.
[45 <./capstone_wykoong_UCI-CC-Default_files/figure-latex/plot_dat_payon_sum-1.
pdf>] [46]
<capstone_wykoong_UCI-CC-Default_files/figure-latex/plot_paydue_default-1.pdf, 
id=768, 469.755pt x 325.215pt>
File: capstone_wykoong_UCI-CC-Default_files/figure-latex/plot_paydue_default-1.
pdf Graphic file (type pdf)
<use capstone_wykoong_UCI-CC-Default_files/figure-latex/plot_paydue_default-1.p
df>
Package pdftex.def Info: capstone_wykoong_UCI-CC-Default_files/figure-latex/plo
t_paydue_default-1.pdf  used on input line 1769.
(pdftex.def)             Requested size: 469.75386pt x 325.2142pt.
[47 <./capstone_wykoong_UCI-CC-Default_files/figure-latex/plot_paydue_default-1
.pdf>]
<capstone_wykoong_UCI-CC-Default_files/figure-latex/plot_paydue_filter-1.pdf, i
d=778, 469.755pt x 325.215pt>
File: capstone_wykoong_UCI-CC-Default_files/figure-latex/plot_paydue_filter-1.p
df Graphic file (type pdf)
<use capstone_wykoong_UCI-CC-Default_files/figure-latex/plot_paydue_filter-1.pd
f>
Package pdftex.def Info: capstone_wykoong_UCI-CC-Default_files/figure-latex/plo
t_paydue_filter-1.pdf  used on input line 1777.
(pdftex.def)             Requested size: 469.75386pt x 325.2142pt.
[48 <./capstone_wykoong_UCI-CC-Default_files/figure-latex/plot_paydue_filter-1.
pdf>]
<capstone_wykoong_UCI-CC-Default_files/figure-latex/corr_analysis_numerical-1.p
df, id=788, 469.755pt x 325.215pt>
File: capstone_wykoong_UCI-CC-Default_files/figure-latex/corr_analysis_numerica
l-1.pdf Graphic file (type pdf)
<use capstone_wykoong_UCI-CC-Default_files/figure-latex/corr_analysis_numerical
-1.pdf>
Package pdftex.def Info: capstone_wykoong_UCI-CC-Default_files/figure-latex/cor
r_analysis_numerical-1.pdf  used on input line 1789.
(pdftex.def)             Requested size: 469.75386pt x 325.2142pt.
[49 <./capstone_wykoong_UCI-CC-Default_files/figure-latex/corr_analysis_numeric
al-1.pdf>] [50] [51] [52] [53]
Underfull \hbox (badness 10000) in paragraph at lines 2063--2066
[]\T1/lmr/m/n/10 ``DEFAULT'' ``LIMIT_BAL'' ``SEX'' ``ED-U-CA-TION'' ``MAR-RIAGE
'' ``AGE_FAC'' ``PAY-DUE''
 []

[54] [55] [56] [57] [58] [59]
<capstone_wykoong_UCI-CC-Default_files/figure-latex/randomforest_modeling_mtree
_part2-1.pdf, id=860, 469.755pt x 325.215pt>
File: capstone_wykoong_UCI-CC-Default_files/figure-latex/randomforest_modeling_
mtree_part2-1.pdf Graphic file (type pdf)
<use capstone_wykoong_UCI-CC-Default_files/figure-latex/randomforest_modeling_m
tree_part2-1.pdf>
Package pdftex.def Info: capstone_wykoong_UCI-CC-Default_files/figure-latex/ran
domforest_modeling_mtree_part2-1.pdf  used on input line 2386.
(pdftex.def)             Requested size: 469.75386pt x 325.2142pt.
[60] [61 <./capstone_wykoong_UCI-CC-Default_files/figure-latex/randomforest_mod
eling_mtree_part2-1.pdf>] [62]
<capstone_wykoong_UCI-CC-Default_files/figure-latex/plot_xgboost_train_error-1.
pdf, id=882, 469.755pt x 325.215pt>
File: capstone_wykoong_UCI-CC-Default_files/figure-latex/plot_xgboost_train_err
or-1.pdf Graphic file (type pdf)
<use capstone_wykoong_UCI-CC-Default_files/figure-latex/plot_xgboost_train_erro
r-1.pdf>
Package pdftex.def Info: capstone_wykoong_UCI-CC-Default_files/figure-latex/plo
t_xgboost_train_error-1.pdf  used on input line 2530.
(pdftex.def)             Requested size: 469.75386pt x 325.2142pt.
[63] [64 <./capstone_wykoong_UCI-CC-Default_files/figure-latex/plot_xgboost_tra
in_error-1.pdf>]
Underfull \hbox (badness 10000) in paragraph at lines 2643--2643
[]\T1/lmr/m/n/10 Table 23: PRE-DIC-TION RE-SULT (COM-PRE-HEN-SIVE
 []

[65] [66] [67]
<capstone_wykoong_UCI-CC-Default_files/figure-latex/plot_result_simple-1.pdf, i
d=918, 469.755pt x 325.215pt>
File: capstone_wykoong_UCI-CC-Default_files/figure-latex/plot_result_simple-1.p
df Graphic file (type pdf)
<use capstone_wykoong_UCI-CC-Default_files/figure-latex/plot_result_simple-1.pd
f>
Package pdftex.def Info: capstone_wykoong_UCI-CC-Default_files/figure-latex/plo
t_result_simple-1.pdf  used on input line 2759.
(pdftex.def)             Requested size: 469.75386pt x 325.2142pt.
[68 <./capstone_wykoong_UCI-CC-Default_files/figure-latex/plot_result_simple-1.
pdf>]
<capstone_wykoong_UCI-CC-Default_files/figure-latex/plot_result_other_compariso
n-1.pdf, id=930, 469.755pt x 325.215pt>
File: capstone_wykoong_UCI-CC-Default_files/figure-latex/plot_result_other_comp
arison-1.pdf Graphic file (type pdf)
<use capstone_wykoong_UCI-CC-Default_files/figure-latex/plot_result_other_compa
rison-1.pdf>
Package pdftex.def Info: capstone_wykoong_UCI-CC-Default_files/figure-latex/plo
t_result_other_comparison-1.pdf  used on input line 2844.
(pdftex.def)             Requested size: 469.75386pt x 325.2142pt.
[69] [70 <./capstone_wykoong_UCI-CC-Default_files/figure-latex/plot_result_othe
r_comparison-1.pdf>]
Underfull \hbox (badness 10000) in paragraph at lines 2876--2890

 []


Underfull \hbox (badness 10000) in paragraph at lines 2876--2890

 []

[71] [72]
Underfull \vbox (badness 10000) detected at line 3182
 []


Underfull \vbox (badness 10000) detected at line 3182
 []

[73]
Underfull \vbox (badness 10000) detected at line 3182
 []


Underfull \vbox (badness 10000) detected at line 3182
 []

[74]
Underfull \vbox (badness 10000) detected at line 3182
 []


Underfull \vbox (badness 10000) detected at line 3182
 []

[75]
Underfull \vbox (badness 10000) detected at line 3182
 []


Underfull \vbox (badness 10000) detected at line 3182
 []

[76] [77] [78]
Underfull \vbox (badness 10000) detected at line 3504
 []


Underfull \vbox (badness 10000) detected at line 3504
 []

[79]
Underfull \vbox (badness 10000) detected at line 3504
 []


Underfull \vbox (badness 10000) detected at line 3504
 []

[80]
Underfull \vbox (badness 10000) detected at line 3504
 []


Underfull \vbox (badness 10000) detected at line 3504
 []

[81]
Underfull \vbox (badness 10000) detected at line 3504
 []


Underfull \vbox (badness 10000) detected at line 3504
 []

[82] [83] (./capstone_wykoong_UCI-CC-Default.aux)
Package rerunfilecheck Info: File `capstone_wykoong_UCI-CC-Default.out' has not
 changed.
(rerunfilecheck)             Checksum: ACF4BFD8AEBA35D59C8C67C5EE74ABA0;13198.
 ) 
Here is how much of TeX's memory you used:
 12045 strings out of 481865
 188224 string characters out of 5928364
 539848 words of memory out of 5000000
 27861 multiletter control sequences out of 15000+600000
 591930 words of font info for 74 fonts, out of 8000000 for 9000
 14 hyphenation exceptions out of 8191
 66i,6n,72p,407b,468s stack positions out of 5000i,500n,10000p,200000b,80000s
{c:/Users/wykoong.WSHB0918002/AppData/Roaming/TinyTeX/texmf-dist/fonts/enc/dv
ips/lm/lm-ec.enc}{c:/Users/wykoong.WSHB0918002/AppData/Roaming/TinyTeX/texmf-di
st/fonts/enc/dvips/lm/lm-mathit.enc}{c:/Users/wykoong.WSHB0918002/AppData/Roami
ng/TinyTeX/texmf-dist/fonts/enc/dvips/lm/lm-mathex.enc}{c:/Users/wykoong.WSHB09
18002/AppData/Roaming/TinyTeX/texmf-dist/fonts/enc/dvips/lm/lm-mathsy.enc}{c:/U
sers/wykoong.WSHB0918002/AppData/Roaming/TinyTeX/texmf-dist/fonts/enc/dvips/lm/
lm-rm.enc}{c:/Users/wykoong.WSHB0918002/AppData/Roaming/TinyTeX/texmf-dist/font
s/enc/dvips/lm/lm-ts1.enc}<c:/Users/wykoong.WSHB0918002/AppData/Roaming/TinyTeX
/texmf-dist/fonts/type1/public/lm/lmbx10.pfb><c:/Users/wykoong.WSHB0918002/AppD
ata/Roaming/TinyTeX/texmf-dist/fonts/type1/public/lm/lmbx12.pfb><c:/Users/wykoo
ng.WSHB0918002/AppData/Roaming/TinyTeX/texmf-dist/fonts/type1/public/lm/lmex10.
pfb><c:/Users/wykoong.WSHB0918002/AppData/Roaming/TinyTeX/texmf-dist/fonts/type
1/public/lm/lmmi10.pfb><c:/Users/wykoong.WSHB0918002/AppData/Roaming/TinyTeX/te
xmf-dist/fonts/type1/public/lm/lmmi5.pfb><c:/Users/wykoong.WSHB0918002/AppData/
Roaming/TinyTeX/texmf-dist/fonts/type1/public/lm/lmmi7.pfb><c:/Users/wykoong.WS
HB0918002/AppData/Roaming/TinyTeX/texmf-dist/fonts/type1/public/lm/lmr10.pfb><c
:/Users/wykoong.WSHB0918002/AppData/Roaming/TinyTeX/texmf-dist/fonts/type1/publ
ic/lm/lmr12.pfb><c:/Users/wykoong.WSHB0918002/AppData/Roaming/TinyTeX/texmf-dis
t/fonts/type1/public/lm/lmr17.pfb><c:/Users/wykoong.WSHB0918002/AppData/Roaming
/TinyTeX/texmf-dist/fonts/type1/public/lm/lmr7.pfb><c:/Users/wykoong.WSHB091800
2/AppData/Roaming/TinyTeX/texmf-dist/fonts/type1/public/lm/lmri10.pfb><c:/Users
/wykoong.WSHB0918002/AppData/Roaming/TinyTeX/texmf-dist/fonts/type1/public/lm/l
msy10.pfb><c:/Users/wykoong.WSHB0918002/AppData/Roaming/TinyTeX/texmf-dist/font
s/type1/public/lm/lmsy7.pfb><c:/Users/wykoong.WSHB0918002/AppData/Roaming/TinyT
eX/texmf-dist/fonts/type1/public/lm/lmtk10.pfb><c:/Users/wykoong.WSHB0918002/Ap
pData/Roaming/TinyTeX/texmf-dist/fonts/type1/public/lm/lmtt10.pfb><c:/Users/wyk
oong.WSHB0918002/AppData/Roaming/TinyTeX/texmf-dist/fonts/type1/public/lm/lmtti
10.pfb>
Output written on capstone_wykoong_UCI-CC-Default.pdf (83 pages, 948058 bytes).

PDF statistics:
 1129 PDF objects out of 1200 (max. 8388607)
 949 compressed objects within 10 object streams
 272 named destinations out of 1000 (max. 500000)
 814 words of extra memory for PDF output out of 10000 (max. 10000000)

